2023-02-15 09:17:46.6451|DEBUG|Microsoft.AspNetCore.Mvc.ModelBinding.ModelBinderFactory|Registered model binder providers, in the following order: Microsoft.AspNetCore.Mvc.ModelBinding.Binders.BinderTypeModelBinderProvider, Microsoft.AspNetCore.Mvc.ModelBinding.Binders.ServicesModelBinderProvider, Microsoft.AspNetCore.Mvc.ModelBinding.Binders.BodyModelBinderProvider, Microsoft.AspNetCore.Mvc.ModelBinding.Binders.HeaderModelBinderProvider, Microsoft.AspNetCore.Mvc.ModelBinding.Binders.FloatingPointTypeModelBinderProvider, Microsoft.AspNetCore.Mvc.ModelBinding.Binders.EnumTypeModelBinderProvider, Microsoft.AspNetCore.Mvc.ModelBinding.Binders.DateTimeModelBinderProvider, Microsoft.AspNetCore.Mvc.ModelBinding.Binders.SimpleTypeModelBinderProvider, Microsoft.AspNetCore.Mvc.ModelBinding.Binders.CancellationTokenModelBinderProvider, Microsoft.AspNetCore.Mvc.ModelBinding.Binders.ByteArrayModelBinderProvider, Microsoft.AspNetCore.Mvc.ModelBinding.Binders.FormFileModelBinderProvider, Microsoft.AspNetCore.Mvc.ModelBinding.Binders.FormCollectionModelBinderProvider, Microsoft.AspNetCore.Mvc.ModelBinding.Binders.KeyValuePairModelBinderProvider, Microsoft.AspNetCore.Mvc.ModelBinding.Binders.DictionaryModelBinderProvider, Microsoft.AspNetCore.Mvc.ModelBinding.Binders.ArrayModelBinderProvider, Microsoft.AspNetCore.Mvc.ModelBinding.Binders.CollectionModelBinderProvider, Microsoft.AspNetCore.Mvc.ModelBinding.Binders.ComplexObjectModelBinderProvider
2023-02-15 09:17:46.7628|DEBUG|Microsoft.Extensions.Hosting.Internal.Host|Hosting starting
2023-02-15 09:17:46.9472|DEBUG|Microsoft.AspNetCore.Server.Kestrel.Core.KestrelServer|Using development certificate: CN=localhost (Thumbprint: B0F481917D43AC07821061880708A5FE85E4C6F5)
2023-02-15 09:17:46.9982|INFO|Microsoft.Hosting.Lifetime|Now listening on: https://localhost:7122
2023-02-15 09:17:46.9994|INFO|Microsoft.Hosting.Lifetime|Now listening on: http://localhost:5213
2023-02-15 09:17:46.9994|DEBUG|Microsoft.AspNetCore.Hosting.Diagnostics|Loaded hosting startup assembly BindalBatteryAPI
2023-02-15 09:17:46.9994|DEBUG|Microsoft.AspNetCore.Hosting.Diagnostics|Loaded hosting startup assembly Microsoft.AspNetCore.Watch.BrowserRefresh
2023-02-15 09:17:46.9994|DEBUG|Microsoft.AspNetCore.Hosting.Diagnostics|Loaded hosting startup assembly Microsoft.WebTools.BrowserLink.Net
2023-02-15 09:17:46.9994|DEBUG|Microsoft.AspNetCore.Server.Kestrel.Transport.Sockets|Connection id "0HMOF0TJFNQ4C" received FIN.
2023-02-15 09:17:46.9994|INFO|Microsoft.Hosting.Lifetime|Application started. Press Ctrl+C to shut down.
2023-02-15 09:17:46.9994|INFO|Microsoft.Hosting.Lifetime|Hosting environment: Development
2023-02-15 09:17:46.9994|INFO|Microsoft.Hosting.Lifetime|Content root path: D:\Bindal Batteries\Code\API\BindalBatteryAPI\BindalBatteryAPI\
2023-02-15 09:17:46.9994|DEBUG|Microsoft.Extensions.Hosting.Internal.Host|Hosting started
2023-02-15 09:17:47.0167|DEBUG|Microsoft.AspNetCore.Server.Kestrel.Connections|Connection id "0HMOF0TJFNQ4C" accepted.
2023-02-15 09:17:47.0167|DEBUG|Microsoft.AspNetCore.Server.Kestrel.Connections|Connection id "0HMOF0TJFNQ4C" started.
2023-02-15 09:17:47.0959|DEBUG|Microsoft.AspNetCore.Server.Kestrel.Https.Internal.HttpsConnectionMiddleware|Failed to authenticate HTTPS connection.|System.IO.IOException:  Received an unexpected EOF or 0 bytes from the transport stream.
   at System.Net.Security.SslStream.ReceiveBlobAsync[TIOAdapter](TIOAdapter adapter)
   at System.Net.Security.SslStream.ForceAuthenticationAsync[TIOAdapter](TIOAdapter adapter, Boolean receiveFirst, Byte[] reAuthenticationData, Boolean isApm)
   at Microsoft.AspNetCore.Server.Kestrel.Https.Internal.HttpsConnectionMiddleware.OnConnectionAsync(ConnectionContext context)
2023-02-15 09:17:47.1450|DEBUG|Microsoft.AspNetCore.Server.Kestrel.Connections|Connection id "0HMOF0TJFNQ4C" stopped.
2023-02-15 09:17:47.1450|DEBUG|Microsoft.AspNetCore.Server.Kestrel.Transport.Sockets|Connection id "0HMOF0TJFNQ4C" sending FIN because: "The Socket transport's send loop completed gracefully."
2023-02-15 09:17:47.1779|DEBUG|Microsoft.AspNetCore.Server.Kestrel.Connections|Connection id "0HMOF0TJFNQ4D" accepted.
2023-02-15 09:17:47.1779|DEBUG|Microsoft.AspNetCore.Server.Kestrel.Connections|Connection id "0HMOF0TJFNQ4D" started.
2023-02-15 09:17:47.2318|DEBUG|Microsoft.AspNetCore.Server.Kestrel.Https.Internal.HttpsConnectionMiddleware|Connection 0HMOF0TJFNQ4D established using the following protocol: Tls12
2023-02-15 09:17:47.2485|TRACE|Microsoft.AspNetCore.Server.Kestrel.Http2|Connection id "0HMOF0TJFNQ4D" sending SETTINGS frame for stream ID 0 with length 18 and flags NONE.
2023-02-15 09:17:47.2508|TRACE|Microsoft.AspNetCore.Server.Kestrel.Http2|Connection id "0HMOF0TJFNQ4D" sending WINDOW_UPDATE frame for stream ID 0 with length 4 and flags 0x0.
2023-02-15 09:17:47.2508|TRACE|Microsoft.AspNetCore.Server.Kestrel.Http2|Connection id "0HMOF0TJFNQ4D" received SETTINGS frame for stream ID 0 with length 30 and flags NONE.
2023-02-15 09:17:47.2508|TRACE|Microsoft.AspNetCore.Server.Kestrel.Http2|Connection id "0HMOF0TJFNQ4D" sending SETTINGS frame for stream ID 0 with length 0 and flags ACK.
2023-02-15 09:17:47.2508|TRACE|Microsoft.AspNetCore.Server.Kestrel.Http2|Connection id "0HMOF0TJFNQ4D" received WINDOW_UPDATE frame for stream ID 0 with length 4 and flags 0x0.
2023-02-15 09:17:47.2508|TRACE|Microsoft.AspNetCore.Server.Kestrel.Http2|Connection id "0HMOF0TJFNQ4D" received HEADERS frame for stream ID 1 with length 458 and flags END_STREAM, END_HEADERS, PRIORITY.
2023-02-15 09:17:47.2689|TRACE|Microsoft.AspNetCore.Server.Kestrel.Http2|Connection id "0HMOF0TJFNQ4D" received SETTINGS frame for stream ID 0 with length 0 and flags ACK.
2023-02-15 09:17:47.2689|INFO|Microsoft.AspNetCore.Hosting.Diagnostics|Request starting HTTP/2 GET https://localhost:7122/swagger/index.html - -
2023-02-15 09:17:47.3149|DEBUG|Microsoft.AspNetCore.HostFiltering.HostFilteringMiddleware|Wildcard detected, all requests with hosts will be allowed.
2023-02-15 09:17:47.3149|TRACE|Microsoft.AspNetCore.HostFiltering.HostFilteringMiddleware|All hosts are allowed.
2023-02-15 09:17:47.3418|DEBUG|Microsoft.AspNetCore.Routing.Matching.DfaMatcher|No candidates found for the request path '/swagger/index.html'
2023-02-15 09:17:47.3418|DEBUG|Microsoft.AspNetCore.Routing.EndpointRoutingMiddleware|Request did not match any endpoints
2023-02-15 09:17:47.4346|DEBUG|Microsoft.AspNetCore.Watch.BrowserRefresh.BrowserRefreshMiddleware|Response markup is scheduled to include browser refresh script injection.
2023-02-15 09:17:47.4426|TRACE|Microsoft.AspNetCore.Server.Kestrel.Http2|Connection id "0HMOF0TJFNQ4D" sending HEADERS frame for stream ID 1 with length 66 and flags END_HEADERS.
2023-02-15 09:17:47.5394|TRACE|Microsoft.AspNetCore.Server.Kestrel.Http2|Connection id "0HMOF0TJFNQ4D" sending DATA frame for stream ID 1 with length 1024 and flags NONE.
2023-02-15 09:17:47.5394|TRACE|Microsoft.AspNetCore.Server.Kestrel.Http2|Connection id "0HMOF0TJFNQ4D" sending DATA frame for stream ID 1 with length 1024 and flags NONE.
2023-02-15 09:17:47.5394|TRACE|Microsoft.AspNetCore.Server.Kestrel.Http2|Connection id "0HMOF0TJFNQ4D" sending DATA frame for stream ID 1 with length 1024 and flags NONE.
2023-02-15 09:17:47.5394|TRACE|Microsoft.AspNetCore.Server.Kestrel.Http2|Connection id "0HMOF0TJFNQ4D" sending DATA frame for stream ID 1 with length 1024 and flags NONE.
2023-02-15 09:17:47.5394|TRACE|Microsoft.AspNetCore.Server.Kestrel.Http2|Connection id "0HMOF0TJFNQ4D" sending DATA frame for stream ID 1 with length 998 and flags NONE.
2023-02-15 09:17:47.5394|TRACE|Microsoft.AspNetCore.Server.Kestrel.Http2|Connection id "0HMOF0TJFNQ4D" sending DATA frame for stream ID 1 with length 65 and flags NONE.
2023-02-15 09:17:47.5394|TRACE|Microsoft.AspNetCore.Server.Kestrel.Http2|Connection id "0HMOF0TJFNQ4D" sending DATA frame for stream ID 1 with length 16 and flags NONE.
2023-02-15 09:17:47.5487|DEBUG|Microsoft.AspNetCore.Watch.BrowserRefresh.BrowserRefreshMiddleware|Response markup was updated to include browser refresh script injection.
2023-02-15 09:17:47.5487|TRACE|Microsoft.AspNetCore.Server.Kestrel.Http2|Connection id "0HMOF0TJFNQ4D" sending DATA frame for stream ID 1 with length 0 and flags END_STREAM.
2023-02-15 09:17:47.5487|INFO|Microsoft.AspNetCore.Hosting.Diagnostics|Request finished HTTP/2 GET https://localhost:7122/swagger/index.html - - - 200 - text/html;charset=utf-8 276.0668ms
2023-02-15 09:17:47.5487|TRACE|Microsoft.AspNetCore.Server.Kestrel.Http2|Connection id "0HMOF0TJFNQ4D" received HEADERS frame for stream ID 3 with length 108 and flags END_STREAM, END_HEADERS, PRIORITY.
2023-02-15 09:17:47.5607|TRACE|Microsoft.AspNetCore.Server.Kestrel.Http2|Connection id "0HMOF0TJFNQ4D" received HEADERS frame for stream ID 5 with length 57 and flags END_STREAM, END_HEADERS, PRIORITY.
2023-02-15 09:17:47.5607|INFO|Microsoft.AspNetCore.Hosting.Diagnostics|Request starting HTTP/2 GET https://localhost:7122/_framework/aspnetcore-browser-refresh.js - -
2023-02-15 09:17:47.5607|INFO|Microsoft.AspNetCore.Hosting.Diagnostics|Request starting HTTP/2 GET https://localhost:7122/_vs/browserLink - -
2023-02-15 09:17:47.5607|TRACE|Microsoft.AspNetCore.Server.Kestrel.Http2|Connection id "0HMOF0TJFNQ4D" sending HEADERS frame for stream ID 3 with length 60 and flags END_HEADERS.
2023-02-15 09:17:47.5607|TRACE|Microsoft.AspNetCore.Server.Kestrel.Http2|Connection id "0HMOF0TJFNQ4D" sending DATA frame for stream ID 3 with length 12002 and flags NONE.
2023-02-15 09:17:47.5607|TRACE|Microsoft.AspNetCore.Server.Kestrel.Http2|Connection id "0HMOF0TJFNQ4D" sending DATA frame for stream ID 3 with length 0 and flags END_STREAM.
2023-02-15 09:17:47.5607|INFO|Microsoft.AspNetCore.Hosting.Diagnostics|Request finished HTTP/2 GET https://localhost:7122/_framework/aspnetcore-browser-refresh.js - - - 200 12002 application/javascript;+charset=utf-8 14.5900ms
2023-02-15 09:17:47.5822|TRACE|Microsoft.AspNetCore.Server.Kestrel.Http2|Connection id "0HMOF0TJFNQ4D" sending HEADERS frame for stream ID 5 with length 149 and flags END_HEADERS.
2023-02-15 09:17:47.5822|TRACE|Microsoft.AspNetCore.Server.Kestrel.Http2|Connection id "0HMOF0TJFNQ4D" sending DATA frame for stream ID 5 with length 9986 and flags NONE.
2023-02-15 09:17:47.5822|TRACE|Microsoft.AspNetCore.Server.Kestrel.Http2|Connection id "0HMOF0TJFNQ4D" sending DATA frame for stream ID 5 with length 10240 and flags NONE.
2023-02-15 09:17:47.5822|TRACE|Microsoft.AspNetCore.Server.Kestrel.Http2|Connection id "0HMOF0TJFNQ4D" sending DATA frame for stream ID 5 with length 10240 and flags NONE.
2023-02-15 09:17:47.5822|TRACE|Microsoft.AspNetCore.Server.Kestrel.Http2|Connection id "0HMOF0TJFNQ4D" sending DATA frame for stream ID 5 with length 10240 and flags NONE.
2023-02-15 09:17:47.5822|TRACE|Microsoft.AspNetCore.Server.Kestrel.Http2|Connection id "0HMOF0TJFNQ4D" sending DATA frame for stream ID 5 with length 10240 and flags NONE.
2023-02-15 09:17:47.5822|TRACE|Microsoft.AspNetCore.Server.Kestrel.Http2|Connection id "0HMOF0TJFNQ4D" sending DATA frame for stream ID 5 with length 10240 and flags NONE.
2023-02-15 09:17:47.5822|TRACE|Microsoft.AspNetCore.Server.Kestrel.Http2|Connection id "0HMOF0TJFNQ4D" sending DATA frame for stream ID 5 with length 10240 and flags NONE.
2023-02-15 09:17:47.5822|TRACE|Microsoft.AspNetCore.Server.Kestrel.Http2|Connection id "0HMOF0TJFNQ4D" sending DATA frame for stream ID 5 with length 10240 and flags NONE.
2023-02-15 09:17:47.5822|TRACE|Microsoft.AspNetCore.Server.Kestrel.Http2|Connection id "0HMOF0TJFNQ4D" sending DATA frame for stream ID 5 with length 10240 and flags NONE.
2023-02-15 09:17:47.5822|TRACE|Microsoft.AspNetCore.Server.Kestrel.Http2|Connection id "0HMOF0TJFNQ4D" sending DATA frame for stream ID 5 with length 10240 and flags NONE.
2023-02-15 09:17:47.5822|TRACE|Microsoft.AspNetCore.Server.Kestrel.Http2|Connection id "0HMOF0TJFNQ4D" sending DATA frame for stream ID 5 with length 10240 and flags NONE.
2023-02-15 09:17:47.5822|TRACE|Microsoft.AspNetCore.Server.Kestrel.Http2|Connection id "0HMOF0TJFNQ4D" sending DATA frame for stream ID 5 with length 10240 and flags NONE.
2023-02-15 09:17:47.5822|TRACE|Microsoft.AspNetCore.Server.Kestrel.Http2|Connection id "0HMOF0TJFNQ4D" sending DATA frame for stream ID 5 with length 10240 and flags NONE.
2023-02-15 09:17:47.5822|TRACE|Microsoft.AspNetCore.Server.Kestrel.Http2|Connection id "0HMOF0TJFNQ4D" sending DATA frame for stream ID 5 with length 10240 and flags NONE.
2023-02-15 09:17:47.5822|TRACE|Microsoft.AspNetCore.Server.Kestrel.Http2|Connection id "0HMOF0TJFNQ4D" sending DATA frame for stream ID 5 with length 10240 and flags NONE.
2023-02-15 09:17:47.5822|TRACE|Microsoft.AspNetCore.Server.Kestrel.Http2|Connection id "0HMOF0TJFNQ4D" sending DATA frame for stream ID 5 with length 10240 and flags NONE.
2023-02-15 09:17:47.5822|TRACE|Microsoft.AspNetCore.Server.Kestrel.Http2|Connection id "0HMOF0TJFNQ4D" sending DATA frame for stream ID 5 with length 10240 and flags NONE.
2023-02-15 09:17:47.5822|TRACE|Microsoft.AspNetCore.Server.Kestrel.Http2|Connection id "0HMOF0TJFNQ4D" sending DATA frame for stream ID 5 with length 10240 and flags NONE.
2023-02-15 09:17:47.5822|TRACE|Microsoft.AspNetCore.Server.Kestrel.Http2|Connection id "0HMOF0TJFNQ4D" sending DATA frame for stream ID 5 with length 10240 and flags NONE.
2023-02-15 09:17:47.5822|TRACE|Microsoft.AspNetCore.Server.Kestrel.Http2|Connection id "0HMOF0TJFNQ4D" sending DATA frame for stream ID 5 with length 10240 and flags NONE.
2023-02-15 09:17:47.5822|TRACE|Microsoft.AspNetCore.Server.Kestrel.Http2|Connection id "0HMOF0TJFNQ4D" sending DATA frame for stream ID 5 with length 10240 and flags NONE.
2023-02-15 09:17:47.5822|TRACE|Microsoft.AspNetCore.Server.Kestrel.Http2|Connection id "0HMOF0TJFNQ4D" sending DATA frame for stream ID 5 with length 10240 and flags NONE.
2023-02-15 09:17:47.5822|TRACE|Microsoft.AspNetCore.Server.Kestrel.Http2|Connection id "0HMOF0TJFNQ4D" sending DATA frame for stream ID 5 with length 10240 and flags NONE.
2023-02-15 09:17:47.5822|TRACE|Microsoft.AspNetCore.Server.Kestrel.Http2|Connection id "0HMOF0TJFNQ4D" sending DATA frame for stream ID 5 with length 10240 and flags NONE.
2023-02-15 09:17:47.5822|TRACE|Microsoft.AspNetCore.Server.Kestrel.Http2|Connection id "0HMOF0TJFNQ4D" sending DATA frame for stream ID 5 with length 10240 and flags NONE.
2023-02-15 09:17:47.5822|TRACE|Microsoft.AspNetCore.Server.Kestrel.Http2|Connection id "0HMOF0TJFNQ4D" sending DATA frame for stream ID 5 with length 10240 and flags NONE.
2023-02-15 09:17:47.5822|TRACE|Microsoft.AspNetCore.Server.Kestrel.Http2|Connection id "0HMOF0TJFNQ4D" sending DATA frame for stream ID 5 with length 10240 and flags NONE.
2023-02-15 09:17:47.5822|TRACE|Microsoft.AspNetCore.Server.Kestrel.Http2|Connection id "0HMOF0TJFNQ4D" sending DATA frame for stream ID 5 with length 10240 and flags NONE.
2023-02-15 09:17:47.5822|TRACE|Microsoft.AspNetCore.Server.Kestrel.Http2|Connection id "0HMOF0TJFNQ4D" sending DATA frame for stream ID 5 with length 10240 and flags NONE.
2023-02-15 09:17:47.5822|TRACE|Microsoft.AspNetCore.Server.Kestrel.Http2|Connection id "0HMOF0TJFNQ4D" sending DATA frame for stream ID 5 with length 10240 and flags NONE.
2023-02-15 09:17:47.5822|TRACE|Microsoft.AspNetCore.Server.Kestrel.Http2|Connection id "0HMOF0TJFNQ4D" sending DATA frame for stream ID 5 with length 10240 and flags NONE.
2023-02-15 09:17:47.5822|TRACE|Microsoft.AspNetCore.Server.Kestrel.Http2|Connection id "0HMOF0TJFNQ4D" sending DATA frame for stream ID 5 with length 10240 and flags NONE.
2023-02-15 09:17:47.5822|TRACE|Microsoft.AspNetCore.Server.Kestrel.Http2|Connection id "0HMOF0TJFNQ4D" sending DATA frame for stream ID 5 with length 10240 and flags NONE.
2023-02-15 09:17:47.5822|TRACE|Microsoft.AspNetCore.Server.Kestrel.Http2|Connection id "0HMOF0TJFNQ4D" sending DATA frame for stream ID 5 with length 10240 and flags NONE.
2023-02-15 09:17:47.5822|TRACE|Microsoft.AspNetCore.Server.Kestrel.Http2|Connection id "0HMOF0TJFNQ4D" sending DATA frame for stream ID 5 with length 10240 and flags NONE.
2023-02-15 09:17:47.5822|TRACE|Microsoft.AspNetCore.Server.Kestrel.Http2|Connection id "0HMOF0TJFNQ4D" sending DATA frame for stream ID 5 with length 10240 and flags NONE.
2023-02-15 09:17:47.5822|TRACE|Microsoft.AspNetCore.Server.Kestrel.Http2|Connection id "0HMOF0TJFNQ4D" sending DATA frame for stream ID 5 with length 10240 and flags NONE.
2023-02-15 09:17:47.5822|TRACE|Microsoft.AspNetCore.Server.Kestrel.Http2|Connection id "0HMOF0TJFNQ4D" sending DATA frame for stream ID 5 with length 10240 and flags NONE.
2023-02-15 09:17:47.5822|TRACE|Microsoft.AspNetCore.Server.Kestrel.Http2|Connection id "0HMOF0TJFNQ4D" sending DATA frame for stream ID 5 with length 10240 and flags NONE.
2023-02-15 09:17:47.5822|TRACE|Microsoft.AspNetCore.Server.Kestrel.Http2|Connection id "0HMOF0TJFNQ4D" sending DATA frame for stream ID 5 with length 10240 and flags NONE.
2023-02-15 09:17:47.5822|TRACE|Microsoft.AspNetCore.Server.Kestrel.Http2|Connection id "0HMOF0TJFNQ4D" sending DATA frame for stream ID 5 with length 10240 and flags NONE.
2023-02-15 09:17:47.5822|TRACE|Microsoft.AspNetCore.Server.Kestrel.Http2|Connection id "0HMOF0TJFNQ4D" sending DATA frame for stream ID 5 with length 10240 and flags NONE.
2023-02-15 09:17:47.5822|TRACE|Microsoft.AspNetCore.Server.Kestrel.Http2|Connection id "0HMOF0TJFNQ4D" sending DATA frame for stream ID 5 with length 10240 and flags NONE.
2023-02-15 09:17:47.5822|TRACE|Microsoft.AspNetCore.Server.Kestrel.Http2|Connection id "0HMOF0TJFNQ4D" sending DATA frame for stream ID 5 with length 10240 and flags NONE.
2023-02-15 09:17:47.5822|TRACE|Microsoft.AspNetCore.Server.Kestrel.Http2|Connection id "0HMOF0TJFNQ4D" sending DATA frame for stream ID 5 with length 10240 and flags NONE.
2023-02-15 09:17:47.5822|TRACE|Microsoft.AspNetCore.Server.Kestrel.Http2|Connection id "0HMOF0TJFNQ4D" sending DATA frame for stream ID 5 with length 10240 and flags NONE.
2023-02-15 09:17:47.5822|TRACE|Microsoft.AspNetCore.Server.Kestrel.Http2|Connection id "0HMOF0TJFNQ4D" sending DATA frame for stream ID 5 with length 10240 and flags NONE.
2023-02-15 09:17:47.5822|TRACE|Microsoft.AspNetCore.Server.Kestrel.Http2|Connection id "0HMOF0TJFNQ4D" sending DATA frame for stream ID 5 with length 10240 and flags NONE.
2023-02-15 09:17:47.5822|TRACE|Microsoft.AspNetCore.Server.Kestrel.Http2|Connection id "0HMOF0TJFNQ4D" sending DATA frame for stream ID 5 with length 10240 and flags NONE.
2023-02-15 09:17:47.5822|TRACE|Microsoft.AspNetCore.Server.Kestrel.Http2|Connection id "0HMOF0TJFNQ4D" sending DATA frame for stream ID 5 with length 10240 and flags NONE.
2023-02-15 09:17:47.5822|TRACE|Microsoft.AspNetCore.Server.Kestrel.Http2|Connection id "0HMOF0TJFNQ4D" sending DATA frame for stream ID 5 with length 10240 and flags NONE.
2023-02-15 09:17:47.5822|TRACE|Microsoft.AspNetCore.Server.Kestrel.Http2|Connection id "0HMOF0TJFNQ4D" sending DATA frame for stream ID 5 with length 10240 and flags NONE.
2023-02-15 09:17:47.5822|TRACE|Microsoft.AspNetCore.Server.Kestrel.Http2|Connection id "0HMOF0TJFNQ4D" sending DATA frame for stream ID 5 with length 10240 and flags NONE.
2023-02-15 09:17:47.5822|TRACE|Microsoft.AspNetCore.Server.Kestrel.Http2|Connection id "0HMOF0TJFNQ4D" sending DATA frame for stream ID 5 with length 10240 and flags NONE.
2023-02-15 09:17:47.5822|TRACE|Microsoft.AspNetCore.Server.Kestrel.Http2|Connection id "0HMOF0TJFNQ4D" sending DATA frame for stream ID 5 with length 10240 and flags NONE.
2023-02-15 09:17:47.5822|TRACE|Microsoft.AspNetCore.Server.Kestrel.Http2|Connection id "0HMOF0TJFNQ4D" sending DATA frame for stream ID 5 with length 10240 and flags NONE.
2023-02-15 09:17:47.5822|TRACE|Microsoft.AspNetCore.Server.Kestrel.Http2|Connection id "0HMOF0TJFNQ4D" sending DATA frame for stream ID 5 with length 10240 and flags NONE.
2023-02-15 09:17:47.5822|TRACE|Microsoft.AspNetCore.Server.Kestrel.Http2|Connection id "0HMOF0TJFNQ4D" sending DATA frame for stream ID 5 with length 10240 and flags NONE.
2023-02-15 09:17:47.5822|TRACE|Microsoft.AspNetCore.Server.Kestrel.Http2|Connection id "0HMOF0TJFNQ4D" sending DATA frame for stream ID 5 with length 10240 and flags NONE.
2023-02-15 09:17:47.5822|TRACE|Microsoft.AspNetCore.Server.Kestrel.Http2|Connection id "0HMOF0TJFNQ4D" sending DATA frame for stream ID 5 with length 10240 and flags NONE.
2023-02-15 09:17:47.5822|TRACE|Microsoft.AspNetCore.Server.Kestrel.Http2|Connection id "0HMOF0TJFNQ4D" sending DATA frame for stream ID 5 with length 10240 and flags NONE.
2023-02-15 09:17:47.5822|TRACE|Microsoft.AspNetCore.Server.Kestrel.Http2|Connection id "0HMOF0TJFNQ4D" sending DATA frame for stream ID 5 with length 10240 and flags NONE.
2023-02-15 09:17:47.5822|TRACE|Microsoft.AspNetCore.Server.Kestrel.Http2|Connection id "0HMOF0TJFNQ4D" sending DATA frame for stream ID 5 with length 10240 and flags NONE.
2023-02-15 09:17:47.5822|TRACE|Microsoft.AspNetCore.Server.Kestrel.Http2|Connection id "0HMOF0TJFNQ4D" sending DATA frame for stream ID 5 with length 10240 and flags NONE.
2023-02-15 09:17:47.5822|TRACE|Microsoft.AspNetCore.Server.Kestrel.Http2|Connection id "0HMOF0TJFNQ4D" sending DATA frame for stream ID 5 with length 10240 and flags NONE.
2023-02-15 09:17:47.5822|TRACE|Microsoft.AspNetCore.Server.Kestrel.Http2|Connection id "0HMOF0TJFNQ4D" sending DATA frame for stream ID 5 with length 10240 and flags NONE.
2023-02-15 09:17:47.5822|TRACE|Microsoft.AspNetCore.Server.Kestrel.Http2|Connection id "0HMOF0TJFNQ4D" sending DATA frame for stream ID 5 with length 10240 and flags NONE.
2023-02-15 09:17:47.5822|TRACE|Microsoft.AspNetCore.Server.Kestrel.Http2|Connection id "0HMOF0TJFNQ4D" sending DATA frame for stream ID 5 with length 10240 and flags NONE.
2023-02-15 09:17:47.5822|TRACE|Microsoft.AspNetCore.Server.Kestrel.Http2|Connection id "0HMOF0TJFNQ4D" sending DATA frame for stream ID 5 with length 10240 and flags NONE.
2023-02-15 09:17:47.5822|TRACE|Microsoft.AspNetCore.Server.Kestrel.Http2|Connection id "0HMOF0TJFNQ4D" sending DATA frame for stream ID 5 with length 10240 and flags NONE.
2023-02-15 09:17:47.5822|TRACE|Microsoft.AspNetCore.Server.Kestrel.Http2|Connection id "0HMOF0TJFNQ4D" sending DATA frame for stream ID 5 with length 10240 and flags NONE.
2023-02-15 09:17:47.5822|TRACE|Microsoft.AspNetCore.Server.Kestrel.Http2|Connection id "0HMOF0TJFNQ4D" sending DATA frame for stream ID 5 with length 10240 and flags NONE.
2023-02-15 09:17:47.5822|TRACE|Microsoft.AspNetCore.Server.Kestrel.Http2|Connection id "0HMOF0TJFNQ4D" sending DATA frame for stream ID 5 with length 403 and flags NONE.
2023-02-15 09:17:47.5822|TRACE|Microsoft.AspNetCore.Server.Kestrel.Http2|Connection id "0HMOF0TJFNQ4D" sending DATA frame for stream ID 5 with length 0 and flags END_STREAM.
2023-02-15 09:17:47.5822|INFO|Microsoft.AspNetCore.Hosting.Diagnostics|Request finished HTTP/2 GET https://localhost:7122/_vs/browserLink - - - 200 - text/javascript;+charset=UTF-8 25.0611ms
2023-02-15 09:17:47.6546|TRACE|Microsoft.AspNetCore.Server.Kestrel.Http2|Connection id "0HMOF0TJFNQ4D" received HEADERS frame for stream ID 7 with length 66 and flags END_STREAM, END_HEADERS, PRIORITY.
2023-02-15 09:17:47.6571|INFO|Microsoft.AspNetCore.Hosting.Diagnostics|Request starting HTTP/2 GET https://localhost:7122/swagger/v1/swagger.json - -
2023-02-15 09:17:47.6571|TRACE|Microsoft.AspNetCore.HostFiltering.HostFilteringMiddleware|All hosts are allowed.
2023-02-15 09:17:47.6571|DEBUG|Microsoft.AspNetCore.Routing.Matching.DfaMatcher|No candidates found for the request path '/swagger/v1/swagger.json'
2023-02-15 09:17:47.6571|DEBUG|Microsoft.AspNetCore.Routing.EndpointRoutingMiddleware|Request did not match any endpoints
2023-02-15 09:17:47.7871|TRACE|Microsoft.AspNetCore.Server.Kestrel.Http2|Connection id "0HMOF0TJFNQ4D" sending HEADERS frame for stream ID 7 with length 35 and flags END_HEADERS.
2023-02-15 09:17:47.7871|TRACE|Microsoft.AspNetCore.Server.Kestrel.Http2|Connection id "0HMOF0TJFNQ4D" sending DATA frame for stream ID 7 with length 16384 and flags NONE.
2023-02-15 09:17:47.7871|TRACE|Microsoft.AspNetCore.Server.Kestrel.Http2|Connection id "0HMOF0TJFNQ4D" sending DATA frame for stream ID 7 with length 5558 and flags NONE.
2023-02-15 09:17:47.7871|TRACE|Microsoft.AspNetCore.Server.Kestrel.Http2|Connection id "0HMOF0TJFNQ4D" sending DATA frame for stream ID 7 with length 0 and flags END_STREAM.
2023-02-15 09:17:47.7871|INFO|Microsoft.AspNetCore.Hosting.Diagnostics|Request finished HTTP/2 GET https://localhost:7122/swagger/v1/swagger.json - - - 200 - application/json;charset=utf-8 130.5472ms
2023-02-15 09:17:51.4009|TRACE|Microsoft.AspNetCore.Server.Kestrel.Http2|Connection id "0HMOF0TJFNQ4D" received HEADERS frame for stream ID 9 with length 40 and flags END_STREAM, END_HEADERS, PRIORITY.
2023-02-15 09:17:51.4009|INFO|Microsoft.AspNetCore.Hosting.Diagnostics|Request starting HTTP/2 GET https://localhost:7122/api/Product/GetAllProduct - -
2023-02-15 09:17:51.4009|TRACE|Microsoft.AspNetCore.HostFiltering.HostFilteringMiddleware|All hosts are allowed.
2023-02-15 09:17:51.4059|DEBUG|Microsoft.AspNetCore.Routing.Matching.DfaMatcher|1 candidate(s) found for the request path '/api/Product/GetAllProduct'
2023-02-15 09:17:51.4059|DEBUG|Microsoft.AspNetCore.Routing.Matching.DfaMatcher|Endpoint 'BindalBatteryAPI.Controllers.ProductController.GetAllProducr (BindalBatteryAPI)' with route pattern 'api/Product/GetAllProduct' is valid for the request path '/api/Product/GetAllProduct'
2023-02-15 09:17:51.4059|DEBUG|Microsoft.AspNetCore.Routing.EndpointRoutingMiddleware|Request matched endpoint 'BindalBatteryAPI.Controllers.ProductController.GetAllProducr (BindalBatteryAPI)'
2023-02-15 09:17:51.4059|DEBUG|Microsoft.AspNetCore.StaticFiles.StaticFileMiddleware|Static files was skipped as the request already matched an endpoint.
2023-02-15 09:17:51.4059|INFO|Microsoft.AspNetCore.Routing.EndpointMiddleware|Executing endpoint 'BindalBatteryAPI.Controllers.ProductController.GetAllProducr (BindalBatteryAPI)'
2023-02-15 09:17:51.4298|INFO|Microsoft.AspNetCore.Mvc.Infrastructure.ControllerActionInvoker|Route matched with {action = "GetAllProduct", controller = "Product"}. Executing controller action with signature System.Threading.Tasks.Task`1[Microsoft.AspNetCore.Mvc.ActionResult] GetAllProducr() on controller BindalBatteryAPI.Controllers.ProductController (BindalBatteryAPI).
2023-02-15 09:17:51.4298|DEBUG|Microsoft.AspNetCore.Mvc.Infrastructure.ControllerActionInvoker|Execution plan of authorization filters (in the following order): None
2023-02-15 09:17:51.4298|DEBUG|Microsoft.AspNetCore.Mvc.Infrastructure.ControllerActionInvoker|Execution plan of resource filters (in the following order): None
2023-02-15 09:17:51.4298|DEBUG|Microsoft.AspNetCore.Mvc.Infrastructure.ControllerActionInvoker|Execution plan of action filters (in the following order): Microsoft.AspNetCore.Mvc.ModelBinding.UnsupportedContentTypeFilter (Order: -3000), Microsoft.AspNetCore.Mvc.Infrastructure.ModelStateInvalidFilter (Order: -2000)
2023-02-15 09:17:51.4298|DEBUG|Microsoft.AspNetCore.Mvc.Infrastructure.ControllerActionInvoker|Execution plan of exception filters (in the following order): None
2023-02-15 09:17:51.4298|DEBUG|Microsoft.AspNetCore.Mvc.Infrastructure.ControllerActionInvoker|Execution plan of result filters (in the following order): Microsoft.AspNetCore.Mvc.Infrastructure.ClientErrorResultFilter (Order: -2000)
2023-02-15 09:17:51.4298|DEBUG|Microsoft.AspNetCore.Mvc.Infrastructure.ControllerActionInvoker|Executing controller factory for controller BindalBatteryAPI.Controllers.ProductController (BindalBatteryAPI)
2023-02-15 09:17:51.9755|DEBUG|Microsoft.EntityFrameworkCore.Infrastructure|An 'IServiceProvider' was created for internal use by Entity Framework.
2023-02-15 09:17:52.0059|DEBUG|Microsoft.AspNetCore.Mvc.Infrastructure.ControllerActionInvoker|Executed controller factory for controller BindalBatteryAPI.Controllers.ProductController (BindalBatteryAPI)
2023-02-15 09:17:52.0059|TRACE|Microsoft.AspNetCore.Mvc.Infrastructure.ControllerActionInvoker|Action Filter: Before executing OnActionExecuting on filter Microsoft.AspNetCore.Mvc.ModelBinding.UnsupportedContentTypeFilter.
2023-02-15 09:17:52.0059|TRACE|Microsoft.AspNetCore.Mvc.Infrastructure.ControllerActionInvoker|Action Filter: After executing OnActionExecuting on filter Microsoft.AspNetCore.Mvc.ModelBinding.UnsupportedContentTypeFilter.
2023-02-15 09:17:52.0059|TRACE|Microsoft.AspNetCore.Mvc.Infrastructure.ControllerActionInvoker|Action Filter: Before executing OnActionExecuting on filter Microsoft.AspNetCore.Mvc.Infrastructure.ModelStateInvalidFilter.
2023-02-15 09:17:52.0059|TRACE|Microsoft.AspNetCore.Mvc.Infrastructure.ControllerActionInvoker|Action Filter: After executing OnActionExecuting on filter Microsoft.AspNetCore.Mvc.Infrastructure.ModelStateInvalidFilter.
2023-02-15 09:17:52.0059|INFO|Microsoft.AspNetCore.Mvc.Infrastructure.ControllerActionInvoker|Executing action method BindalBatteryAPI.Controllers.ProductController.GetAllProducr (BindalBatteryAPI) - Validation state: Valid
2023-02-15 09:17:52.8316|INFO|Microsoft.EntityFrameworkCore.Infrastructure|Entity Framework Core 6.0.13 initialized 'bindalbatteryContext' using provider 'MySql.EntityFrameworkCore:6.0.10+MySQL8.0.32' with options: None
2023-02-15 09:17:52.8659|DEBUG|Microsoft.EntityFrameworkCore.Query|Compiling query expression: 
'DbSet<Productmaster>()'
2023-02-15 09:17:53.0379|DEBUG|Microsoft.EntityFrameworkCore.Query|Generated query execution expression: 
'queryContext => new SingleQueryingEnumerable<Productmaster>(
    (RelationalQueryContext)queryContext, 
    RelationalCommandCache.SelectExpression(
        Projection Mapping:
            EmptyProjectionMember -> Dictionary<IProperty, int> { [Property: Productmaster.ProductId (int) Required PK Index AfterSave:Throw ValueGenerated.OnAdd, 0], [Property: Productmaster.BatteryType (string) MaxLength(100), 1], [Property: Productmaster.BrandName (string) MaxLength(200), 2], [Property: Productmaster.CreateDate (DateTime?) ValueGenerated.OnAdd, 3], [Property: Productmaster.CreatedBy (string) ValueGenerated.OnAdd MaxLength(45), 4], [Property: Productmaster.GauranteePeriod (int?), 5] }
        SELECT p.ProductId, p.BatteryType, p.BrandName, p.CreateDate, p.CreatedBy, p.GauranteePeriod
        FROM productmaster AS p), 
    Func<QueryContext, DbDataReader, ResultContext, SingleQueryResultCoordinator, Productmaster>, 
    BindalBatteryAPI.dbcontext.bindalbatteryContext, 
    False, 
    False, 
    True
)'
2023-02-15 09:17:53.0842|DEBUG|Microsoft.EntityFrameworkCore.Database.Command|Creating DbCommand for 'ExecuteReader'.
2023-02-15 09:17:53.0988|DEBUG|Microsoft.EntityFrameworkCore.Database.Command|Created DbCommand for 'ExecuteReader' (12ms).
2023-02-15 09:17:53.1091|DEBUG|Microsoft.EntityFrameworkCore.Database.Connection|Opening connection to database 'bindalbattery' on server 'p3nlmysql123plsk.secureserver.net'.
2023-02-15 09:17:57.7423|DEBUG|Microsoft.EntityFrameworkCore.Database.Connection|Opened connection to database 'bindalbattery' on server 'p3nlmysql123plsk.secureserver.net'.
2023-02-15 09:17:57.7423|DEBUG|Microsoft.EntityFrameworkCore.Database.Command|Executing DbCommand [Parameters=[], CommandType='Text', CommandTimeout='30']
SELECT `p`.`ProductId`, `p`.`BatteryType`, `p`.`BrandName`, `p`.`CreateDate`, `p`.`CreatedBy`, `p`.`GauranteePeriod`
FROM `productmaster` AS `p`
2023-02-15 09:17:58.1243|INFO|Microsoft.EntityFrameworkCore.Database.Command|Executed DbCommand (362ms) [Parameters=[], CommandType='Text', CommandTimeout='30']
SELECT `p`.`ProductId`, `p`.`BatteryType`, `p`.`BrandName`, `p`.`CreateDate`, `p`.`CreatedBy`, `p`.`GauranteePeriod`
FROM `productmaster` AS `p`
2023-02-15 09:17:58.1851|DEBUG|Microsoft.EntityFrameworkCore.ChangeTracking|Context 'bindalbatteryContext' started tracking 'Productmaster' entity. Consider using 'DbContextOptionsBuilder.EnableSensitiveDataLogging' to see key values.
2023-02-15 09:17:58.2131|DEBUG|Microsoft.EntityFrameworkCore.ChangeTracking|Context 'bindalbatteryContext' started tracking 'Productmaster' entity. Consider using 'DbContextOptionsBuilder.EnableSensitiveDataLogging' to see key values.
2023-02-15 09:17:58.2131|DEBUG|Microsoft.EntityFrameworkCore.ChangeTracking|Context 'bindalbatteryContext' started tracking 'Productmaster' entity. Consider using 'DbContextOptionsBuilder.EnableSensitiveDataLogging' to see key values.
2023-02-15 09:17:58.2131|DEBUG|Microsoft.EntityFrameworkCore.ChangeTracking|Context 'bindalbatteryContext' started tracking 'Productmaster' entity. Consider using 'DbContextOptionsBuilder.EnableSensitiveDataLogging' to see key values.
2023-02-15 09:17:58.2131|DEBUG|Microsoft.EntityFrameworkCore.ChangeTracking|Context 'bindalbatteryContext' started tracking 'Productmaster' entity. Consider using 'DbContextOptionsBuilder.EnableSensitiveDataLogging' to see key values.
2023-02-15 09:17:58.2131|DEBUG|Microsoft.EntityFrameworkCore.ChangeTracking|Context 'bindalbatteryContext' started tracking 'Productmaster' entity. Consider using 'DbContextOptionsBuilder.EnableSensitiveDataLogging' to see key values.
2023-02-15 09:17:58.2131|DEBUG|Microsoft.EntityFrameworkCore.Database.Command|A data reader was disposed.
2023-02-15 09:17:58.2131|DEBUG|Microsoft.EntityFrameworkCore.Database.Connection|Closing connection to database 'bindalbattery' on server 'p3nlmysql123plsk.secureserver.net'.
2023-02-15 09:17:58.2282|DEBUG|Microsoft.EntityFrameworkCore.Database.Connection|Closed connection to database 'bindalbattery' on server 'p3nlmysql123plsk.secureserver.net'.
2023-02-15 09:18:01.5793|INFO|BindalBatteryAPI.Services.LoggerManager|fetched all product
2023-02-15 09:18:01.5856|INFO|Microsoft.AspNetCore.Mvc.Infrastructure.ControllerActionInvoker|Executed action method BindalBatteryAPI.Controllers.ProductController.GetAllProducr (BindalBatteryAPI), returned result Microsoft.AspNetCore.Mvc.OkObjectResult in 9570.5255ms.
2023-02-15 09:18:01.5856|TRACE|Microsoft.AspNetCore.Mvc.Infrastructure.ControllerActionInvoker|Action Filter: Before executing OnActionExecuted on filter Microsoft.AspNetCore.Mvc.Infrastructure.ModelStateInvalidFilter.
2023-02-15 09:18:01.5856|TRACE|Microsoft.AspNetCore.Mvc.Infrastructure.ControllerActionInvoker|Action Filter: After executing OnActionExecuted on filter Microsoft.AspNetCore.Mvc.Infrastructure.ModelStateInvalidFilter.
2023-02-15 09:18:01.5856|TRACE|Microsoft.AspNetCore.Mvc.Infrastructure.ControllerActionInvoker|Action Filter: Before executing OnActionExecuted on filter Microsoft.AspNetCore.Mvc.ModelBinding.UnsupportedContentTypeFilter.
2023-02-15 09:18:01.5856|TRACE|Microsoft.AspNetCore.Mvc.Infrastructure.ControllerActionInvoker|Action Filter: After executing OnActionExecuted on filter Microsoft.AspNetCore.Mvc.ModelBinding.UnsupportedContentTypeFilter.
2023-02-15 09:18:01.5856|TRACE|Microsoft.AspNetCore.Mvc.Infrastructure.ControllerActionInvoker|Result Filter: Before executing OnResultExecuting on filter Microsoft.AspNetCore.Mvc.Infrastructure.ClientErrorResultFilter.
2023-02-15 09:18:01.5856|TRACE|Microsoft.AspNetCore.Mvc.Infrastructure.ControllerActionInvoker|Result Filter: After executing OnResultExecuting on filter Microsoft.AspNetCore.Mvc.Infrastructure.ClientErrorResultFilter.
2023-02-15 09:18:01.5856|TRACE|Microsoft.AspNetCore.Mvc.Infrastructure.ControllerActionInvoker|Before executing action result Microsoft.AspNetCore.Mvc.OkObjectResult.
2023-02-15 09:18:01.5856|DEBUG|Microsoft.AspNetCore.Mvc.Infrastructure.DefaultOutputFormatterSelector|List of registered output formatters, in the following order: Microsoft.AspNetCore.Mvc.Formatters.HttpNoContentOutputFormatter, Microsoft.AspNetCore.Mvc.Formatters.StringOutputFormatter, Microsoft.AspNetCore.Mvc.Formatters.StreamOutputFormatter, Microsoft.AspNetCore.Mvc.Formatters.SystemTextJsonOutputFormatter
2023-02-15 09:18:01.5856|DEBUG|Microsoft.AspNetCore.Mvc.Infrastructure.DefaultOutputFormatterSelector|No information found on request to perform content negotiation.
2023-02-15 09:18:01.5856|DEBUG|Microsoft.AspNetCore.Mvc.Infrastructure.DefaultOutputFormatterSelector|Attempting to select an output formatter without using a content type as no explicit content types were specified for the response.
2023-02-15 09:18:01.5856|DEBUG|Microsoft.AspNetCore.Mvc.Infrastructure.DefaultOutputFormatterSelector|Attempting to select the first formatter in the output formatters list which can write the result.
2023-02-15 09:18:01.5856|DEBUG|Microsoft.AspNetCore.Mvc.Infrastructure.DefaultOutputFormatterSelector|Selected output formatter 'Microsoft.AspNetCore.Mvc.Formatters.SystemTextJsonOutputFormatter' and content type 'application/json' to write the response.
2023-02-15 09:18:01.5856|INFO|Microsoft.AspNetCore.Mvc.Infrastructure.ObjectResultExecutor|Executing OkObjectResult, writing value of type 'System.Collections.Generic.List`1[[BindalBatteryAPI.Model.vwProductMaster, BindalBatteryAPI, Version=1.0.0.0, Culture=neutral, PublicKeyToken=null]]'.
2023-02-15 09:18:01.5856|TRACE|Microsoft.AspNetCore.Server.Kestrel.Http2|Connection id "0HMOF0TJFNQ4D" sending HEADERS frame for stream ID 9 with length 66 and flags END_HEADERS.
2023-02-15 09:18:01.5856|TRACE|Microsoft.AspNetCore.Server.Kestrel.Http2|Connection id "0HMOF0TJFNQ4D" sending DATA frame for stream ID 9 with length 503 and flags NONE.
2023-02-15 09:18:01.5856|TRACE|Microsoft.AspNetCore.Mvc.Infrastructure.ControllerActionInvoker|After executing action result Microsoft.AspNetCore.Mvc.OkObjectResult.
2023-02-15 09:18:01.5856|TRACE|Microsoft.AspNetCore.Mvc.Infrastructure.ControllerActionInvoker|Result Filter: Before executing OnResultExecuted on filter Microsoft.AspNetCore.Mvc.Infrastructure.ClientErrorResultFilter.
2023-02-15 09:18:01.5856|TRACE|Microsoft.AspNetCore.Mvc.Infrastructure.ControllerActionInvoker|Result Filter: After executing OnResultExecuted on filter Microsoft.AspNetCore.Mvc.Infrastructure.ClientErrorResultFilter.
2023-02-15 09:18:01.5856|TRACE|Microsoft.AspNetCore.Server.Kestrel.Http2|Connection id "0HMOF0TJFNQ4D" received WINDOW_UPDATE frame for stream ID 0 with length 4 and flags 0x0.
2023-02-15 09:18:01.5856|TRACE|Microsoft.AspNetCore.Server.Kestrel.Http2|Connection id "0HMOF0TJFNQ4D" received WINDOW_UPDATE frame for stream ID 9 with length 4 and flags 0x0.
2023-02-15 09:18:01.5997|INFO|Microsoft.AspNetCore.Mvc.Infrastructure.ControllerActionInvoker|Executed action BindalBatteryAPI.Controllers.ProductController.GetAllProducr (BindalBatteryAPI) in 10165.5588ms
2023-02-15 09:18:01.5997|INFO|Microsoft.AspNetCore.Routing.EndpointMiddleware|Executed endpoint 'BindalBatteryAPI.Controllers.ProductController.GetAllProducr (BindalBatteryAPI)'
2023-02-15 09:18:01.5997|TRACE|Microsoft.AspNetCore.Server.Kestrel.Http2|Connection id "0HMOF0TJFNQ4D" sending DATA frame for stream ID 9 with length 0 and flags END_STREAM.
2023-02-15 09:18:01.5997|INFO|Microsoft.AspNetCore.Hosting.Diagnostics|Request finished HTTP/2 GET https://localhost:7122/api/Product/GetAllProduct - - - 200 - application/json;+charset=utf-8 10198.0712ms
